<?xml version="1.0" encoding="UTF-8"?>
<!-- Generated by org.testng.reporters.JUnitXMLReporter -->
<testsuite hostname="Samir-HP-PC" ignored="0" name="Default test" tests="7" failures="0" timestamp="31 Jul 2017 08:41:46 GMT" time="43.087" errors="0">
  <testcase name="YourLocation" time="5.601" classname="Ralphs.CreateAccountTest"/>
  <testcase name="YourLocation" time="3.996" classname="Ralphs.CreateAccountTest"/>
  <testcase name="CreateAccountShoppingList" time="4.631" classname="Ralphs.CreateAccountTest"/>
  <testcase name="TermsAndCondition" time="3.844" classname="Ralphs.CreateAccountTest"/>
  <testcase name="DepartmentMenu1" time="2.597" classname="Ralphs.CreateAccountTest"/>
  <testcase name="DepartmentSubMenu" time="4.168" classname="Ralphs.CreateAccountTest"/>
  <testcase name="CreateAccount" time="12.927" classname="Ralphs.CreateAccountTest"/>
</testsuite> <!-- Default test -->
