<?xml version="1.0" encoding="UTF-8"?>
<!-- Generated by org.testng.reporters.JUnitXMLReporter -->
<testsuite hostname="Samir-HP-PC" ignored="0" name="CreateAccountLocation" tests="7" failures="0" timestamp="31 Jul 2017 08:45:19 GMT" time="43.043" errors="0">
  <testcase name="YourLocation" time="6.855" classname="Ralphs.CreateAccountTest"/>
  <testcase name="YourLocation" time="3.937" classname="Ralphs.CreateAccountTest"/>
  <testcase name="CreateAccountShoppingList" time="5.04" classname="Ralphs.CreateAccountTest"/>
  <testcase name="TermsAndCondition" time="3.898" classname="Ralphs.CreateAccountTest"/>
  <testcase name="DepartmentMenu1" time="2.557" classname="Ralphs.CreateAccountTest"/>
  <testcase name="DepartmentSubMenu" time="4.246" classname="Ralphs.CreateAccountTest"/>
  <testcase name="CreateAccount" time="12.245" classname="Ralphs.CreateAccountTest"/>
</testsuite> <!-- CreateAccountLocation -->
