<?xml version="1.0" encoding="UTF-8"?>
<!-- Generated by org.testng.reporters.JUnitXMLReporter -->
<testsuite hostname="Samir-HP-PC" ignored="0" name="CreateAccountLocation" tests="7" failures="0" timestamp="17 Aug 2017 04:46:14 GMT" time="51.366" errors="0">
  <testcase name="YourLocation" time="6.89" classname="Ralphs.CreateAccountTest"/>
  <testcase name="YourLocation" time="4.623" classname="Ralphs.CreateAccountTest"/>
  <testcase name="CreateAccountShoppingList" time="5.42" classname="Ralphs.CreateAccountTest"/>
  <testcase name="TermsAndCondition" time="4.888" classname="Ralphs.CreateAccountTest"/>
  <testcase name="DepartmentMenu1" time="3.752" classname="Ralphs.CreateAccountTest"/>
  <testcase name="DepartmentSubMenu" time="4.444" classname="Ralphs.CreateAccountTest"/>
  <testcase name="CreateAccount" time="16.578" classname="Ralphs.CreateAccountTest"/>
</testsuite> <!-- CreateAccountLocation -->
