<?xml version="1.0" encoding="UTF-8"?>
<!-- Generated by org.testng.reporters.JUnitXMLReporter -->
<testsuite hostname="Samir-HP-PC" ignored="0" name="HomePageTesting" tests="8" failures="0" timestamp="19 Aug 2017 06:36:04 GMT" time="33.993" errors="0">
  <testcase name="basePageNavigation" time="8.401" classname="Ralphs.HomePage"/>
  <testcase name="basePageNavigation" time="4.264" classname="Ralphs.HomePage"/>
  <testcase name="search" time="2.676" classname="Ralphs.HomePage"/>
  <testcase name="search" time="2.719" classname="Ralphs.HomePage"/>
  <testcase name="storefinder" time="1.547" classname="Ralphs.HomePage"/>
  <testcase name="storefinder" time="1.518" classname="Ralphs.HomePage"/>
  <testcase name="storefinder1" time="3.538" classname="Ralphs.HomePage"/>
  <testcase name="storefinder1" time="3.509" classname="Ralphs.HomePage"/>
</testsuite> <!-- HomePageTesting -->
