<?xml version="1.0" encoding="UTF-8"?>
<!-- Generated by org.testng.reporters.JUnitXMLReporter -->
<testsuite hostname="Samir-HP-PC" ignored="0" name="RecipiePageTesting" tests="3" failures="0" timestamp="19 Aug 2017 06:37:12 GMT" time="19.99" errors="0">
  <testcase name="FreshPicks" time="8.037" classname="Ralphs.RecipiePageTest"/>
  <testcase name="ViewAllRecipies" time="4.171" classname="Ralphs.RecipiePageTest"/>
  <testcase name="WorldCusines" time="2.979" classname="Ralphs.RecipiePageTest"/>
</testsuite> <!-- RecipiePageTesting -->
