<?xml version="1.0" encoding="UTF-8"?>
<testng-results skipped="0" failed="0" ignored="0" total="18" passed="18">
  <reporter-output>
  </reporter-output>
  <suite name="Suite" duration-ms="102116" started-at="2017-08-19T06:35:30Z" finished-at="2017-08-19T06:37:12Z">
    <groups>
    </groups>
    <test name="HomePageTesting" duration-ms="33993" started-at="2017-08-19T06:35:30Z" finished-at="2017-08-19T06:36:04Z">
      <class name="Ralphs.HomePage">
        <test-method status="PASS" signature="initialize123()[pri:0, instance:Ralphs.HomePage@17550481]" name="initialize123" is-config="true" duration-ms="3490" started-at="2017-08-18T23:35:30Z" finished-at="2017-08-18T23:35:34Z">
          <reporter-output>
          </reporter-output>
        </test-method> <!-- initialize123 -->
        <test-method status="PASS" signature="basePageNavigation(java.lang.String, java.lang.String)[pri:0, instance:Ralphs.HomePage@17550481]" name="basePageNavigation" duration-ms="8401" started-at="2017-08-18T23:35:34Z" data-provider="Signindata" finished-at="2017-08-18T23:35:42Z">
          <params>
            <param index="0">
              <value>
                <![CDATA[nonrestricteduser@qw.com]]>
              </value>
            </param>
            <param index="1">
              <value>
                <![CDATA[123456]]>
              </value>
            </param>
          </params>
          <reporter-output>
          </reporter-output>
        </test-method> <!-- basePageNavigation -->
        <test-method status="PASS" signature="basePageNavigation(java.lang.String, java.lang.String)[pri:0, instance:Ralphs.HomePage@17550481]" name="basePageNavigation" duration-ms="4264" started-at="2017-08-18T23:35:42Z" data-provider="Signindata" finished-at="2017-08-18T23:35:46Z">
          <params>
            <param index="0">
              <value>
                <![CDATA[restricteduser@qw.com]]>
              </value>
            </param>
            <param index="1">
              <value>
                <![CDATA[456788]]>
              </value>
            </param>
          </params>
          <reporter-output>
          </reporter-output>
        </test-method> <!-- basePageNavigation -->
        <test-method status="PASS" signature="search(java.lang.String)[pri:0, instance:Ralphs.HomePage@17550481]" name="search" duration-ms="2676" started-at="2017-08-18T23:35:46Z" data-provider="SearchData" finished-at="2017-08-18T23:35:49Z">
          <params>
            <param index="0">
              <value>
                <![CDATA[coke]]>
              </value>
            </param>
          </params>
          <reporter-output>
          </reporter-output>
        </test-method> <!-- search -->
        <test-method status="PASS" signature="search(java.lang.String)[pri:0, instance:Ralphs.HomePage@17550481]" name="search" duration-ms="2719" started-at="2017-08-18T23:35:49Z" data-provider="SearchData" finished-at="2017-08-18T23:35:52Z">
          <params>
            <param index="0">
              <value>
                <![CDATA[Pepsi]]>
              </value>
            </param>
          </params>
          <reporter-output>
          </reporter-output>
        </test-method> <!-- search -->
        <test-method status="PASS" signature="storefinder(java.lang.String)[pri:0, instance:Ralphs.HomePage@17550481]" name="storefinder" duration-ms="1547" started-at="2017-08-18T23:35:52Z" data-provider="Storezipsearch" finished-at="2017-08-18T23:35:53Z">
          <params>
            <param index="0">
              <value>
                <![CDATA[San Jose]]>
              </value>
            </param>
          </params>
          <reporter-output>
          </reporter-output>
        </test-method> <!-- storefinder -->
        <test-method status="PASS" signature="storefinder(java.lang.String)[pri:0, instance:Ralphs.HomePage@17550481]" name="storefinder" duration-ms="1518" started-at="2017-08-18T23:35:53Z" data-provider="Storezipsearch" finished-at="2017-08-18T23:35:55Z">
          <params>
            <param index="0">
              <value>
                <![CDATA[Milpitas]]>
              </value>
            </param>
          </params>
          <reporter-output>
          </reporter-output>
        </test-method> <!-- storefinder -->
        <test-method status="PASS" signature="storefinder1(java.lang.String)[pri:0, instance:Ralphs.HomePage@17550481]" name="storefinder1" duration-ms="3538" started-at="2017-08-18T23:35:55Z" data-provider="Storezipsearch1" finished-at="2017-08-18T23:35:58Z">
          <params>
            <param index="0">
              <value>
                <![CDATA[90032]]>
              </value>
            </param>
          </params>
          <reporter-output>
          </reporter-output>
        </test-method> <!-- storefinder1 -->
        <test-method status="PASS" signature="storefinder1(java.lang.String)[pri:0, instance:Ralphs.HomePage@17550481]" name="storefinder1" duration-ms="3509" started-at="2017-08-18T23:35:58Z" data-provider="Storezipsearch1" finished-at="2017-08-18T23:36:02Z">
          <params>
            <param index="0">
              <value>
                <![CDATA[95035]]>
              </value>
            </param>
          </params>
          <reporter-output>
          </reporter-output>
        </test-method> <!-- storefinder1 -->
        <test-method status="PASS" signature="teaddorn()[pri:0, instance:Ralphs.HomePage@17550481]" name="teaddorn" is-config="true" duration-ms="2311" started-at="2017-08-18T23:36:02Z" finished-at="2017-08-18T23:36:04Z">
          <reporter-output>
          </reporter-output>
        </test-method> <!-- teaddorn -->
      </class> <!-- Ralphs.HomePage -->
    </test> <!-- HomePageTesting -->
    <test name="CreateAccountPageTesting" duration-ms="48094" started-at="2017-08-19T06:36:04Z" finished-at="2017-08-19T06:36:52Z">
      <class name="Ralphs.CreateAccountTest">
        <test-method status="PASS" signature="Initialize456()[pri:0, instance:Ralphs.CreateAccountTest@2d3fcdbd]" name="Initialize456" is-config="true" duration-ms="2487" started-at="2017-08-18T23:36:04Z" finished-at="2017-08-18T23:36:07Z">
          <reporter-output>
          </reporter-output>
        </test-method> <!-- Initialize456 -->
        <test-method status="PASS" signature="YourLocation(java.lang.String)[pri:1, instance:Ralphs.CreateAccountTest@2d3fcdbd]" name="YourLocation" duration-ms="7061" started-at="2017-08-18T23:36:07Z" data-provider="Location" finished-at="2017-08-18T23:36:14Z">
          <params>
            <param index="0">
              <value>
                <![CDATA[Los Angeles]]>
              </value>
            </param>
          </params>
          <reporter-output>
          </reporter-output>
        </test-method> <!-- YourLocation -->
        <test-method status="PASS" signature="YourLocation(java.lang.String)[pri:1, instance:Ralphs.CreateAccountTest@2d3fcdbd]" name="YourLocation" duration-ms="4112" started-at="2017-08-18T23:36:14Z" data-provider="Location" finished-at="2017-08-18T23:36:18Z">
          <params>
            <param index="0">
              <value>
                <![CDATA[Torrance]]>
              </value>
            </param>
          </params>
          <reporter-output>
          </reporter-output>
        </test-method> <!-- YourLocation -->
        <test-method status="PASS" signature="CreateAccountShoppingList()[pri:2, instance:Ralphs.CreateAccountTest@2d3fcdbd]" name="CreateAccountShoppingList" duration-ms="5317" started-at="2017-08-18T23:36:18Z" finished-at="2017-08-18T23:36:23Z">
          <reporter-output>
          </reporter-output>
        </test-method> <!-- CreateAccountShoppingList -->
        <test-method status="PASS" signature="TermsAndCondition()[pri:3, instance:Ralphs.CreateAccountTest@2d3fcdbd]" name="TermsAndCondition" duration-ms="3995" started-at="2017-08-18T23:36:23Z" finished-at="2017-08-18T23:36:27Z">
          <reporter-output>
          </reporter-output>
        </test-method> <!-- TermsAndCondition -->
        <test-method status="PASS" signature="DepartmentMenu1()[pri:4, instance:Ralphs.CreateAccountTest@2d3fcdbd]" name="DepartmentMenu1" duration-ms="2568" started-at="2017-08-18T23:36:27Z" finished-at="2017-08-18T23:36:30Z">
          <reporter-output>
          </reporter-output>
        </test-method> <!-- DepartmentMenu1 -->
        <test-method status="PASS" signature="DepartmentSubMenu()[pri:5, instance:Ralphs.CreateAccountTest@2d3fcdbd]" name="DepartmentSubMenu" duration-ms="4286" started-at="2017-08-18T23:36:30Z" finished-at="2017-08-18T23:36:34Z">
          <reporter-output>
          </reporter-output>
        </test-method> <!-- DepartmentSubMenu -->
        <test-method status="PASS" signature="CreateAccount()[pri:6, instance:Ralphs.CreateAccountTest@2d3fcdbd]" name="CreateAccount" duration-ms="15952" started-at="2017-08-18T23:36:34Z" finished-at="2017-08-18T23:36:50Z">
          <reporter-output>
          </reporter-output>
        </test-method> <!-- CreateAccount -->
        <test-method status="PASS" signature="teardown()[pri:0, instance:Ralphs.CreateAccountTest@2d3fcdbd]" name="teardown" is-config="true" duration-ms="2312" started-at="2017-08-18T23:36:50Z" finished-at="2017-08-18T23:36:52Z">
          <reporter-output>
          </reporter-output>
        </test-method> <!-- teardown -->
      </class> <!-- Ralphs.CreateAccountTest -->
    </test> <!-- CreateAccountPageTesting -->
    <test name="RecipiePageTesting" duration-ms="19990" started-at="2017-08-19T06:36:52Z" finished-at="2017-08-19T06:37:12Z">
      <class name="Ralphs.RecipiePageTest">
        <test-method status="PASS" signature="Initialize511()[pri:0, instance:Ralphs.RecipiePageTest@3cbbc1e0]" name="Initialize511" is-config="true" duration-ms="2490" started-at="2017-08-18T23:36:52Z" finished-at="2017-08-18T23:36:55Z">
          <reporter-output>
          </reporter-output>
        </test-method> <!-- Initialize511 -->
        <test-method status="PASS" signature="FreshPicks()[pri:0, instance:Ralphs.RecipiePageTest@3cbbc1e0]" name="FreshPicks" duration-ms="8037" started-at="2017-08-18T23:36:55Z" finished-at="2017-08-18T23:37:03Z">
          <reporter-output>
          </reporter-output>
        </test-method> <!-- FreshPicks -->
        <test-method status="PASS" signature="ViewAllRecipies()[pri:0, instance:Ralphs.RecipiePageTest@3cbbc1e0]" name="ViewAllRecipies" duration-ms="4171" started-at="2017-08-18T23:37:03Z" finished-at="2017-08-18T23:37:07Z">
          <reporter-output>
          </reporter-output>
        </test-method> <!-- ViewAllRecipies -->
        <test-method status="PASS" signature="WorldCusines()[pri:0, instance:Ralphs.RecipiePageTest@3cbbc1e0]" name="WorldCusines" duration-ms="2979" started-at="2017-08-18T23:37:07Z" finished-at="2017-08-18T23:37:10Z">
          <reporter-output>
          </reporter-output>
        </test-method> <!-- WorldCusines -->
        <test-method status="PASS" signature="teardown()[pri:0, instance:Ralphs.RecipiePageTest@3cbbc1e0]" name="teardown" is-config="true" duration-ms="2313" started-at="2017-08-18T23:37:10Z" finished-at="2017-08-18T23:37:12Z">
          <reporter-output>
          </reporter-output>
        </test-method> <!-- teardown -->
      </class> <!-- Ralphs.RecipiePageTest -->
    </test> <!-- RecipiePageTesting -->
  </suite> <!-- Suite -->
</testng-results>
