<?xml version="1.0" encoding="UTF-8"?>
<testng-results skipped="0" failed="0" ignored="0" total="15" passed="15">
  <reporter-output>
  </reporter-output>
  <suite name="Suite" duration-ms="78097" started-at="2017-07-31T08:44:01Z" finished-at="2017-07-31T08:45:19Z">
    <groups>
    </groups>
    <test name="HomePageTesting" duration-ms="35020" started-at="2017-07-31T08:44:01Z" finished-at="2017-07-31T08:44:36Z">
      <class name="Ralphs.HomePage">
        <test-method status="PASS" signature="initialize123()[pri:0, instance:Ralphs.HomePage@64616ca2]" name="initialize123" is-config="true" duration-ms="2355" started-at="2017-07-31T01:44:01Z" finished-at="2017-07-31T01:44:03Z">
          <reporter-output>
          </reporter-output>
        </test-method> <!-- initialize123 -->
        <test-method status="PASS" signature="basePageNavigation(java.lang.String, java.lang.String)[pri:0, instance:Ralphs.HomePage@64616ca2]" name="basePageNavigation" duration-ms="6553" started-at="2017-07-31T01:44:03Z" data-provider="Signindata" finished-at="2017-07-31T01:44:10Z">
          <params>
            <param index="0">
              <value>
                <![CDATA[nonrestricteduser@qw.com]]>
              </value>
            </param>
            <param index="1">
              <value>
                <![CDATA[123456]]>
              </value>
            </param>
          </params>
          <reporter-output>
          </reporter-output>
        </test-method> <!-- basePageNavigation -->
        <test-method status="PASS" signature="basePageNavigation(java.lang.String, java.lang.String)[pri:0, instance:Ralphs.HomePage@64616ca2]" name="basePageNavigation" duration-ms="5600" started-at="2017-07-31T01:44:10Z" data-provider="Signindata" finished-at="2017-07-31T01:44:16Z">
          <params>
            <param index="0">
              <value>
                <![CDATA[restricteduser@qw.com]]>
              </value>
            </param>
            <param index="1">
              <value>
                <![CDATA[456788]]>
              </value>
            </param>
          </params>
          <reporter-output>
          </reporter-output>
        </test-method> <!-- basePageNavigation -->
        <test-method status="PASS" signature="search(java.lang.String)[pri:0, instance:Ralphs.HomePage@64616ca2]" name="search" duration-ms="3145" started-at="2017-07-31T01:44:16Z" data-provider="SearchData" finished-at="2017-07-31T01:44:19Z">
          <params>
            <param index="0">
              <value>
                <![CDATA[coke]]>
              </value>
            </param>
          </params>
          <reporter-output>
          </reporter-output>
        </test-method> <!-- search -->
        <test-method status="PASS" signature="search(java.lang.String)[pri:0, instance:Ralphs.HomePage@64616ca2]" name="search" duration-ms="2613" started-at="2017-07-31T01:44:19Z" data-provider="SearchData" finished-at="2017-07-31T01:44:21Z">
          <params>
            <param index="0">
              <value>
                <![CDATA[Pepsi]]>
              </value>
            </param>
          </params>
          <reporter-output>
          </reporter-output>
        </test-method> <!-- search -->
        <test-method status="PASS" signature="storefinder(java.lang.String)[pri:0, instance:Ralphs.HomePage@64616ca2]" name="storefinder" duration-ms="2269" started-at="2017-07-31T01:44:21Z" data-provider="Storezipsearch" finished-at="2017-07-31T01:44:24Z">
          <params>
            <param index="0">
              <value>
                <![CDATA[San Jose]]>
              </value>
            </param>
          </params>
          <reporter-output>
          </reporter-output>
        </test-method> <!-- storefinder -->
        <test-method status="PASS" signature="storefinder(java.lang.String)[pri:0, instance:Ralphs.HomePage@64616ca2]" name="storefinder" duration-ms="1557" started-at="2017-07-31T01:44:24Z" data-provider="Storezipsearch" finished-at="2017-07-31T01:44:25Z">
          <params>
            <param index="0">
              <value>
                <![CDATA[Milpitas]]>
              </value>
            </param>
          </params>
          <reporter-output>
          </reporter-output>
        </test-method> <!-- storefinder -->
        <test-method status="PASS" signature="storefinder1(java.lang.String)[pri:0, instance:Ralphs.HomePage@64616ca2]" name="storefinder1" duration-ms="3574" started-at="2017-07-31T01:44:25Z" data-provider="Storezipsearch1" finished-at="2017-07-31T01:44:29Z">
          <params>
            <param index="0">
              <value>
                <![CDATA[90032]]>
              </value>
            </param>
          </params>
          <reporter-output>
          </reporter-output>
        </test-method> <!-- storefinder1 -->
        <test-method status="PASS" signature="storefinder1(java.lang.String)[pri:0, instance:Ralphs.HomePage@64616ca2]" name="storefinder1" duration-ms="5022" started-at="2017-07-31T01:44:29Z" data-provider="Storezipsearch1" finished-at="2017-07-31T01:44:34Z">
          <params>
            <param index="0">
              <value>
                <![CDATA[95035]]>
              </value>
            </param>
          </params>
          <reporter-output>
          </reporter-output>
        </test-method> <!-- storefinder1 -->
        <test-method status="PASS" signature="teaddorn()[pri:0, instance:Ralphs.HomePage@64616ca2]" name="teaddorn" is-config="true" duration-ms="2314" started-at="2017-07-31T01:44:34Z" finished-at="2017-07-31T01:44:36Z">
          <reporter-output>
          </reporter-output>
        </test-method> <!-- teaddorn -->
      </class> <!-- Ralphs.HomePage -->
    </test> <!-- HomePageTesting -->
    <test name="CreateAccountLocation" duration-ms="43043" started-at="2017-07-31T08:44:36Z" finished-at="2017-07-31T08:45:19Z">
      <class name="Ralphs.CreateAccountTest">
        <test-method status="PASS" signature="Initialize456()[pri:0, instance:Ralphs.CreateAccountTest@1936f0f5]" name="Initialize456" is-config="true" duration-ms="1953" started-at="2017-07-31T01:44:36Z" finished-at="2017-07-31T01:44:38Z">
          <reporter-output>
          </reporter-output>
        </test-method> <!-- Initialize456 -->
        <test-method status="PASS" signature="YourLocation(java.lang.String)[pri:1, instance:Ralphs.CreateAccountTest@1936f0f5]" name="YourLocation" duration-ms="6855" started-at="2017-07-31T01:44:38Z" data-provider="Location" finished-at="2017-07-31T01:44:45Z">
          <params>
            <param index="0">
              <value>
                <![CDATA[Los Angeles]]>
              </value>
            </param>
          </params>
          <reporter-output>
          </reporter-output>
        </test-method> <!-- YourLocation -->
        <test-method status="PASS" signature="YourLocation(java.lang.String)[pri:1, instance:Ralphs.CreateAccountTest@1936f0f5]" name="YourLocation" duration-ms="3937" started-at="2017-07-31T01:44:45Z" data-provider="Location" finished-at="2017-07-31T01:44:49Z">
          <params>
            <param index="0">
              <value>
                <![CDATA[Torrance]]>
              </value>
            </param>
          </params>
          <reporter-output>
          </reporter-output>
        </test-method> <!-- YourLocation -->
        <test-method status="PASS" signature="CreateAccountShoppingList()[pri:2, instance:Ralphs.CreateAccountTest@1936f0f5]" name="CreateAccountShoppingList" duration-ms="5040" started-at="2017-07-31T01:44:49Z" finished-at="2017-07-31T01:44:54Z">
          <reporter-output>
          </reporter-output>
        </test-method> <!-- CreateAccountShoppingList -->
        <test-method status="PASS" signature="TermsAndCondition()[pri:3, instance:Ralphs.CreateAccountTest@1936f0f5]" name="TermsAndCondition" duration-ms="3898" started-at="2017-07-31T01:44:54Z" finished-at="2017-07-31T01:44:58Z">
          <reporter-output>
          </reporter-output>
        </test-method> <!-- TermsAndCondition -->
        <test-method status="PASS" signature="DepartmentMenu1()[pri:4, instance:Ralphs.CreateAccountTest@1936f0f5]" name="DepartmentMenu1" duration-ms="2557" started-at="2017-07-31T01:44:58Z" finished-at="2017-07-31T01:45:00Z">
          <reporter-output>
          </reporter-output>
        </test-method> <!-- DepartmentMenu1 -->
        <test-method status="PASS" signature="DepartmentSubMenu()[pri:5, instance:Ralphs.CreateAccountTest@1936f0f5]" name="DepartmentSubMenu" duration-ms="4246" started-at="2017-07-31T01:45:00Z" finished-at="2017-07-31T01:45:05Z">
          <reporter-output>
          </reporter-output>
        </test-method> <!-- DepartmentSubMenu -->
        <test-method status="PASS" signature="CreateAccount()[pri:6, instance:Ralphs.CreateAccountTest@1936f0f5]" name="CreateAccount" duration-ms="12245" started-at="2017-07-31T01:45:05Z" finished-at="2017-07-31T01:45:17Z">
          <reporter-output>
          </reporter-output>
        </test-method> <!-- CreateAccount -->
        <test-method status="PASS" signature="teardown()[pri:0, instance:Ralphs.CreateAccountTest@1936f0f5]" name="teardown" is-config="true" duration-ms="2309" started-at="2017-07-31T01:45:17Z" finished-at="2017-07-31T01:45:19Z">
          <reporter-output>
          </reporter-output>
        </test-method> <!-- teardown -->
      </class> <!-- Ralphs.CreateAccountTest -->
    </test> <!-- CreateAccountLocation -->
  </suite> <!-- Suite -->
</testng-results>
