<?xml version="1.0" encoding="UTF-8"?>
<testng-results skipped="0" failed="0" ignored="0" total="4" passed="4">
  <reporter-output>
  </reporter-output>
  <suite name="Default suite" duration-ms="24682" started-at="2017-07-22T06:48:37Z" finished-at="2017-07-22T06:49:01Z">
    <groups>
    </groups>
    <test name="Default test" duration-ms="24682" started-at="2017-07-22T06:48:37Z" finished-at="2017-07-22T06:49:01Z">
      <class name="Ralphs.HomePage">
        <test-method status="PASS" signature="initialize123()[pri:0, instance:Ralphs.HomePage@6f7fd0e6]" name="initialize123" is-config="true" duration-ms="3167" started-at="2017-07-21T23:48:37Z" finished-at="2017-07-21T23:48:40Z">
          <reporter-output>
          </reporter-output>
        </test-method> <!-- initialize123 -->
        <test-method status="PASS" signature="basePageNavigation(java.lang.String, java.lang.String)[pri:0, instance:Ralphs.HomePage@6f7fd0e6]" name="basePageNavigation" duration-ms="7266" started-at="2017-07-21T23:48:40Z" data-provider="Signindata" finished-at="2017-07-21T23:48:47Z">
          <params>
            <param index="0">
              <value>
                <![CDATA[nonrestricteduser@qw.com]]>
              </value>
            </param>
            <param index="1">
              <value>
                <![CDATA[123456]]>
              </value>
            </param>
          </params>
          <reporter-output>
          </reporter-output>
        </test-method> <!-- basePageNavigation -->
        <test-method status="PASS" signature="basePageNavigation(java.lang.String, java.lang.String)[pri:0, instance:Ralphs.HomePage@6f7fd0e6]" name="basePageNavigation" duration-ms="4582" started-at="2017-07-21T23:48:47Z" data-provider="Signindata" finished-at="2017-07-21T23:48:52Z">
          <params>
            <param index="0">
              <value>
                <![CDATA[restricteduser@qw.com]]>
              </value>
            </param>
            <param index="1">
              <value>
                <![CDATA[456788]]>
              </value>
            </param>
          </params>
          <reporter-output>
          </reporter-output>
        </test-method> <!-- basePageNavigation -->
        <test-method status="PASS" signature="search(java.lang.String)[pri:0, instance:Ralphs.HomePage@6f7fd0e6]" name="search" duration-ms="3542" started-at="2017-07-21T23:48:52Z" data-provider="SearchData" finished-at="2017-07-21T23:48:55Z">
          <params>
            <param index="0">
              <value>
                <![CDATA[coke]]>
              </value>
            </param>
          </params>
          <reporter-output>
          </reporter-output>
        </test-method> <!-- search -->
        <test-method status="PASS" signature="search(java.lang.String)[pri:0, instance:Ralphs.HomePage@6f7fd0e6]" name="search" duration-ms="3773" started-at="2017-07-21T23:48:55Z" data-provider="SearchData" finished-at="2017-07-21T23:48:59Z">
          <params>
            <param index="0">
              <value>
                <![CDATA[Pepsi]]>
              </value>
            </param>
          </params>
          <reporter-output>
          </reporter-output>
        </test-method> <!-- search -->
        <test-method status="PASS" signature="teaddorn()[pri:0, instance:Ralphs.HomePage@6f7fd0e6]" name="teaddorn" is-config="true" duration-ms="2335" started-at="2017-07-21T23:48:59Z" finished-at="2017-07-21T23:49:01Z">
          <reporter-output>
          </reporter-output>
        </test-method> <!-- teaddorn -->
      </class> <!-- Ralphs.HomePage -->
    </test> <!-- Default test -->
  </suite> <!-- Default suite -->
</testng-results>
