<?xml version="1.0" encoding="UTF-8"?>
<testng-results skipped="0" failed="0" ignored="0" total="4" passed="4">
  <reporter-output>
  </reporter-output>
  <suite name="Default suite" duration-ms="32405" started-at="2017-07-29T01:25:57Z" finished-at="2017-07-29T01:26:29Z">
    <groups>
    </groups>
    <test name="Default test" duration-ms="32405" started-at="2017-07-29T01:25:57Z" finished-at="2017-07-29T01:26:29Z">
      <class name="Ralphs.CreateAccountTest">
        <test-method status="PASS" signature="Initialize456()[pri:0, instance:Ralphs.CreateAccountTest@6f7fd0e6]" name="Initialize456" is-config="true" duration-ms="2711" started-at="2017-07-28T18:25:57Z" finished-at="2017-07-28T18:26:00Z">
          <reporter-output>
          </reporter-output>
        </test-method> <!-- Initialize456 -->
        <test-method status="PASS" signature="YourLocation(java.lang.String)[pri:1, instance:Ralphs.CreateAccountTest@6f7fd0e6]" name="YourLocation" duration-ms="10695" started-at="2017-07-28T18:26:00Z" data-provider="Location" finished-at="2017-07-28T18:26:10Z">
          <params>
            <param index="0">
              <value>
                <![CDATA[Los Angeles]]>
              </value>
            </param>
          </params>
          <reporter-output>
          </reporter-output>
        </test-method> <!-- YourLocation -->
        <test-method status="PASS" signature="YourLocation(java.lang.String)[pri:1, instance:Ralphs.CreateAccountTest@6f7fd0e6]" name="YourLocation" duration-ms="7337" started-at="2017-07-28T18:26:10Z" data-provider="Location" finished-at="2017-07-28T18:26:18Z">
          <params>
            <param index="0">
              <value>
                <![CDATA[Torrance]]>
              </value>
            </param>
          </params>
          <reporter-output>
          </reporter-output>
        </test-method> <!-- YourLocation -->
        <test-method status="PASS" signature="CreateAccountShoppingList()[pri:2, instance:Ralphs.CreateAccountTest@6f7fd0e6]" name="CreateAccountShoppingList" duration-ms="5175" started-at="2017-07-28T18:26:18Z" finished-at="2017-07-28T18:26:23Z">
          <reporter-output>
          </reporter-output>
        </test-method> <!-- CreateAccountShoppingList -->
        <test-method status="PASS" signature="TermsAndCondition()[pri:3, instance:Ralphs.CreateAccountTest@6f7fd0e6]" name="TermsAndCondition" duration-ms="4390" started-at="2017-07-28T18:26:23Z" finished-at="2017-07-28T18:26:27Z">
          <reporter-output>
          </reporter-output>
        </test-method> <!-- TermsAndCondition -->
        <test-method status="PASS" signature="teardown()[pri:0, instance:Ralphs.CreateAccountTest@6f7fd0e6]" name="teardown" is-config="true" duration-ms="2081" started-at="2017-07-28T18:26:27Z" finished-at="2017-07-28T18:26:29Z">
          <reporter-output>
          </reporter-output>
        </test-method> <!-- teardown -->
      </class> <!-- Ralphs.CreateAccountTest -->
    </test> <!-- Default test -->
  </suite> <!-- Default suite -->
</testng-results>
